<?xml version="1.0" encoding="UTF-8"?>
<robot generator="Robot 4.1.3 (Python 3.10.1 on linux)" generated="20220105 22:45:43.046" rpa="false" schemaversion="2">
<suite id="s1" name="FETA-Robot" source="/home/serg/dev/FETA-Robot">
<suite id="s1-s1" name="Tests" source="/home/serg/dev/FETA-Robot/tests">
<suite id="s1-s1-s1" name="Common" source="/home/serg/dev/FETA-Robot/tests/common">
<suite id="s1-s1-s1-s1" name="Unit Tests" source="/home/serg/dev/FETA-Robot/tests/common/unit_tests">
<suite id="s1-s1-s1-s1-s1" name="Pom Tests" source="/home/serg/dev/FETA-Robot/tests/common/unit_tests/pom_tests">
<suite id="s1-s1-s1-s1-s1-s1" name="Pom" source="/home/serg/dev/FETA-Robot/tests/common/unit_tests/pom_tests/pom.robot">
<test id="s1-s1-s1-s1-s1-s1-t1" name="Inheritance TC">
<kw name="Given Validate Page Objects Inheritance" library="pom_steps">
<msg timestamp="20220105 22:45:43.149" level="INFO">Parent method: url=//parent, element=Parent element</msg>
<msg timestamp="20220105 22:45:43.149" level="INFO">Parent method: url=//parent/child, element=Child element</msg>
<msg timestamp="20220105 22:45:43.149" level="INFO">Child method: url=//parent/child, element=Child element</msg>
<status status="PASS" starttime="20220105 22:45:43.149" endtime="20220105 22:45:43.149"/>
</kw>
<doc>Varifies that Child Page object inherits Parent Page Object's attributes and methods,
while overriding those, that are redifined in Child Page object</doc>
<tag>unit_tests</tag>
<status status="PASS" starttime="20220105 22:45:43.148" endtime="20220105 22:45:43.150"/>
</test>
<doc>Validates Page Object Model's structure, inheritance and methods</doc>
<status status="PASS" starttime="20220105 22:45:43.079" endtime="20220105 22:45:43.150"/>
</suite>
<status status="PASS" starttime="20220105 22:45:43.077" endtime="20220105 22:45:43.152"/>
</suite>
<status status="PASS" starttime="20220105 22:45:43.076" endtime="20220105 22:45:43.153"/>
</suite>
<status status="PASS" starttime="20220105 22:45:43.074" endtime="20220105 22:45:43.155"/>
</suite>
<status status="PASS" starttime="20220105 22:45:43.072" endtime="20220105 22:45:43.156"/>
</suite>
<status status="PASS" starttime="20220105 22:45:43.049" endtime="20220105 22:45:43.157"/>
</suite>
<statistics>
<total>
<stat pass="1" fail="0" skip="0">All Tests</stat>
</total>
<tag>
<stat pass="1" fail="0" skip="0">unit_tests</stat>
</tag>
<suite>
<stat pass="1" fail="0" skip="0" id="s1" name="FETA-Robot">FETA-Robot</stat>
<stat pass="1" fail="0" skip="0" id="s1-s1" name="Tests">FETA-Robot.Tests</stat>
<stat pass="1" fail="0" skip="0" id="s1-s1-s1" name="Common">FETA-Robot.Tests.Common</stat>
<stat pass="1" fail="0" skip="0" id="s1-s1-s1-s1" name="Unit Tests">FETA-Robot.Tests.Common.Unit Tests</stat>
<stat pass="1" fail="0" skip="0" id="s1-s1-s1-s1-s1" name="Pom Tests">FETA-Robot.Tests.Common.Unit Tests.Pom Tests</stat>
<stat pass="1" fail="0" skip="0" id="s1-s1-s1-s1-s1-s1" name="Pom">FETA-Robot.Tests.Common.Unit Tests.Pom Tests.Pom</stat>
</suite>
</statistics>
<errors>
</errors>
</robot>
